{"D:\\универ\\3 курс\\Интернет программирование\\finance_app\\server\\controllers\\analyticsController.js": {"path":"D:\\универ\\3 курс\\Интернет программирование\\finance_app\\server\\controllers\\analyticsController.js","statementMap":{"0":{"start":{"line":2,"column":11},"end":{"line":2,"column":30}},"1":{"start":{"line":5,"column":0},"end":{"line":36,"column":2}},"2":{"start":{"line":6,"column":4},"end":{"line":35,"column":5}},"3":{"start":{"line":7,"column":23},"end":{"line":7,"column":34}},"4":{"start":{"line":11,"column":22},"end":{"line":18,"column":9}},"5":{"start":{"line":20,"column":23},"end":{"line":20,"column":54}},"6":{"start":{"line":21,"column":21},"end":{"line":21,"column":35}},"7":{"start":{"line":24,"column":23},"end":{"line":24,"column":57}},"8":{"start":{"line":25,"column":24},"end":{"line":25,"column":59}},"9":{"start":{"line":27,"column":8},"end":{"line":31,"column":11}},"10":{"start":{"line":33,"column":8},"end":{"line":33,"column":27}},"11":{"start":{"line":34,"column":8},"end":{"line":34,"column":56}},"12":{"start":{"line":39,"column":0},"end":{"line":66,"column":2}},"13":{"start":{"line":40,"column":4},"end":{"line":65,"column":5}},"14":{"start":{"line":41,"column":23},"end":{"line":41,"column":34}},"15":{"start":{"line":43,"column":22},"end":{"line":50,"column":9}},"16":{"start":{"line":52,"column":23},"end":{"line":52,"column":54}},"17":{"start":{"line":56,"column":26},"end":{"line":59,"column":11}},"18":{"start":{"line":56,"column":50},"end":{"line":59,"column":9}},"19":{"start":{"line":61,"column":8},"end":{"line":61,"column":28}},"20":{"start":{"line":63,"column":8},"end":{"line":63,"column":27}},"21":{"start":{"line":64,"column":8},"end":{"line":64,"column":56}},"22":{"start":{"line":69,"column":0},"end":{"line":101,"column":2}},"23":{"start":{"line":70,"column":4},"end":{"line":100,"column":5}},"24":{"start":{"line":71,"column":23},"end":{"line":71,"column":34}},"25":{"start":{"line":75,"column":22},"end":{"line":86,"column":9}},"26":{"start":{"line":88,"column":23},"end":{"line":88,"column":54}},"27":{"start":{"line":90,"column":26},"end":{"line":94,"column":11}},"28":{"start":{"line":90,"column":50},"end":{"line":94,"column":9}},"29":{"start":{"line":96,"column":8},"end":{"line":96,"column":28}},"30":{"start":{"line":98,"column":8},"end":{"line":98,"column":27}},"31":{"start":{"line":99,"column":8},"end":{"line":99,"column":56}}},"fnMap":{"0":{"name":"(anonymous_0)","decl":{"start":{"line":5,"column":21},"end":{"line":5,"column":22}},"loc":{"start":{"line":5,"column":41},"end":{"line":36,"column":1}},"line":5},"1":{"name":"(anonymous_1)","decl":{"start":{"line":39,"column":27},"end":{"line":39,"column":28}},"loc":{"start":{"line":39,"column":47},"end":{"line":66,"column":1}},"line":39},"2":{"name":"(anonymous_2)","decl":{"start":{"line":56,"column":42},"end":{"line":56,"column":43}},"loc":{"start":{"line":56,"column":50},"end":{"line":59,"column":9}},"line":56},"3":{"name":"(anonymous_3)","decl":{"start":{"line":69,"column":24},"end":{"line":69,"column":25}},"loc":{"start":{"line":69,"column":44},"end":{"line":101,"column":1}},"line":69},"4":{"name":"(anonymous_4)","decl":{"start":{"line":90,"column":42},"end":{"line":90,"column":43}},"loc":{"start":{"line":90,"column":50},"end":{"line":94,"column":9}},"line":90}},"branchMap":{"0":{"loc":{"start":{"line":24,"column":34},"end":{"line":24,"column":56}},"type":"binary-expr","locations":[{"start":{"line":24,"column":34},"end":{"line":24,"column":51}},{"start":{"line":24,"column":55},"end":{"line":24,"column":56}}],"line":24},"1":{"loc":{"start":{"line":25,"column":35},"end":{"line":25,"column":58}},"type":"binary-expr","locations":[{"start":{"line":25,"column":35},"end":{"line":25,"column":53}},{"start":{"line":25,"column":57},"end":{"line":25,"column":58}}],"line":25}},"s":{"0":1,"1":1,"2":2,"3":2,"4":2,"5":2,"6":2,"7":2,"8":2,"9":2,"10":0,"11":0,"12":1,"13":2,"14":2,"15":2,"16":2,"17":2,"18":2,"19":2,"20":0,"21":0,"22":1,"23":2,"24":2,"25":2,"26":2,"27":2,"28":4,"29":2,"30":0,"31":0},"f":{"0":2,"1":2,"2":2,"3":2,"4":4},"b":{"0":[2,0],"1":[2,0]},"_coverageSchema":"1a1c01bbd47fc00a2c39e90264f33305004495a9","hash":"3f4d52bb70b4eb758c911bc1c74cb6d5bbf8e7ef"}
,"D:\\универ\\3 курс\\Интернет программирование\\finance_app\\server\\controllers\\authController.js": {"path":"D:\\универ\\3 курс\\Интернет программирование\\finance_app\\server\\controllers\\authController.js","statementMap":{"0":{"start":{"line":1,"column":15},"end":{"line":1,"column":32}},"1":{"start":{"line":2,"column":12},"end":{"line":2,"column":35}},"2":{"start":{"line":3,"column":11},"end":{"line":3,"column":30}},"3":{"start":{"line":4,"column":21},"end":{"line":4,"column":53}},"4":{"start":{"line":5,"column":47},"end":{"line":5,"column":73}},"5":{"start":{"line":6,"column":0},"end":{"line":6,"column":27}},"6":{"start":{"line":9,"column":0},"end":{"line":40,"column":3}},"7":{"start":{"line":10,"column":32},"end":{"line":10,"column":40}},"8":{"start":{"line":13,"column":22},"end":{"line":13,"column":85}},"9":{"start":{"line":14,"column":4},"end":{"line":16,"column":5}},"10":{"start":{"line":15,"column":8},"end":{"line":15,"column":71}},"11":{"start":{"line":19,"column":17},"end":{"line":19,"column":41}},"12":{"start":{"line":20,"column":27},"end":{"line":20,"column":60}},"13":{"start":{"line":23,"column":20},"end":{"line":26,"column":5}},"14":{"start":{"line":29,"column":18},"end":{"line":33,"column":5}},"15":{"start":{"line":35,"column":4},"end":{"line":39,"column":7}},"16":{"start":{"line":43,"column":0},"end":{"line":78,"column":3}},"17":{"start":{"line":44,"column":32},"end":{"line":44,"column":40}},"18":{"start":{"line":47,"column":23},"end":{"line":47,"column":86}},"19":{"start":{"line":49,"column":4},"end":{"line":51,"column":5}},"20":{"start":{"line":50,"column":8},"end":{"line":50,"column":67}},"21":{"start":{"line":53,"column":17},"end":{"line":53,"column":35}},"22":{"start":{"line":56,"column":20},"end":{"line":56,"column":70}},"23":{"start":{"line":58,"column":4},"end":{"line":60,"column":5}},"24":{"start":{"line":59,"column":8},"end":{"line":59,"column":67}},"25":{"start":{"line":63,"column":18},"end":{"line":67,"column":5}},"26":{"start":{"line":69,"column":4},"end":{"line":77,"column":7}}},"fnMap":{"0":{"name":"(anonymous_0)","decl":{"start":{"line":9,"column":32},"end":{"line":9,"column":33}},"loc":{"start":{"line":9,"column":52},"end":{"line":40,"column":1}},"line":9},"1":{"name":"(anonymous_1)","decl":{"start":{"line":43,"column":29},"end":{"line":43,"column":30}},"loc":{"start":{"line":43,"column":49},"end":{"line":78,"column":1}},"line":43}},"branchMap":{"0":{"loc":{"start":{"line":14,"column":4},"end":{"line":16,"column":5}},"type":"if","locations":[{"start":{"line":14,"column":4},"end":{"line":16,"column":5}},{"start":{},"end":{}}],"line":14},"1":{"loc":{"start":{"line":49,"column":4},"end":{"line":51,"column":5}},"type":"if","locations":[{"start":{"line":49,"column":4},"end":{"line":51,"column":5}},{"start":{},"end":{}}],"line":49},"2":{"loc":{"start":{"line":58,"column":4},"end":{"line":60,"column":5}},"type":"if","locations":[{"start":{"line":58,"column":4},"end":{"line":60,"column":5}},{"start":{},"end":{}}],"line":58}},"s":{"0":1,"1":1,"2":1,"3":1,"4":1,"5":1,"6":1,"7":4,"8":4,"9":4,"10":1,"11":3,"12":3,"13":3,"14":3,"15":3,"16":1,"17":3,"18":3,"19":3,"20":1,"21":2,"22":2,"23":2,"24":1,"25":1,"26":1},"f":{"0":4,"1":3},"b":{"0":[1,3],"1":[1,2],"2":[1,1]},"_coverageSchema":"1a1c01bbd47fc00a2c39e90264f33305004495a9","hash":"9730faa230b21f4d7a6a8113914f33e1b0b5ed76"}
,"D:\\универ\\3 курс\\Интернет программирование\\finance_app\\server\\controllers\\budgetController.js": {"path":"D:\\универ\\3 курс\\Интернет программирование\\finance_app\\server\\controllers\\budgetController.js","statementMap":{"0":{"start":{"line":1,"column":15},"end":{"line":1,"column":42}},"1":{"start":{"line":2,"column":21},"end":{"line":2,"column":53}},"2":{"start":{"line":3,"column":41},"end":{"line":3,"column":67}},"3":{"start":{"line":6,"column":0},"end":{"line":36,"column":3}},"4":{"start":{"line":7,"column":19},"end":{"line":7,"column":30}},"5":{"start":{"line":8,"column":20},"end":{"line":11,"column":5}},"6":{"start":{"line":13,"column":20},"end":{"line":13,"column":62}},"7":{"start":{"line":16,"column":29},"end":{"line":30,"column":5}},"8":{"start":{"line":18,"column":26},"end":{"line":18,"column":72}},"9":{"start":{"line":19,"column":30},"end":{"line":19,"column":51}},"10":{"start":{"line":20,"column":31},"end":{"line":20,"column":60}},"11":{"start":{"line":22,"column":12},"end":{"line":28,"column":14}},"12":{"start":{"line":32,"column":4},"end":{"line":35,"column":7}},"13":{"start":{"line":39,"column":0},"end":{"line":63,"column":3}},"14":{"start":{"line":40,"column":19},"end":{"line":40,"column":30}},"15":{"start":{"line":41,"column":21},"end":{"line":41,"column":34}},"16":{"start":{"line":43,"column":19},"end":{"line":43,"column":58}},"17":{"start":{"line":45,"column":4},"end":{"line":47,"column":5}},"18":{"start":{"line":46,"column":8},"end":{"line":46,"column":52}},"19":{"start":{"line":49,"column":18},"end":{"line":49,"column":63}},"20":{"start":{"line":50,"column":22},"end":{"line":50,"column":43}},"21":{"start":{"line":51,"column":23},"end":{"line":51,"column":52}},"22":{"start":{"line":53,"column":4},"end":{"line":62,"column":7}},"23":{"start":{"line":66,"column":0},"end":{"line":108,"column":3}},"24":{"start":{"line":67,"column":19},"end":{"line":67,"column":30}},"25":{"start":{"line":68,"column":63},"end":{"line":68,"column":71}},"26":{"start":{"line":71,"column":15},"end":{"line":71,"column":34}},"27":{"start":{"line":72,"column":26},"end":{"line":75,"column":5}},"28":{"start":{"line":77,"column":4},"end":{"line":79,"column":5}},"29":{"start":{"line":78,"column":8},"end":{"line":78,"column":80}},"30":{"start":{"line":82,"column":27},"end":{"line":90,"column":5}},"31":{"start":{"line":92,"column":4},"end":{"line":94,"column":5}},"32":{"start":{"line":93,"column":8},"end":{"line":93,"column":93}},"33":{"start":{"line":96,"column":19},"end":{"line":102,"column":6}},"34":{"start":{"line":104,"column":4},"end":{"line":107,"column":7}},"35":{"start":{"line":111,"column":0},"end":{"line":134,"column":3}},"36":{"start":{"line":112,"column":19},"end":{"line":112,"column":30}},"37":{"start":{"line":113,"column":21},"end":{"line":113,"column":34}},"38":{"start":{"line":114,"column":61},"end":{"line":114,"column":69}},"39":{"start":{"line":116,"column":27},"end":{"line":116,"column":66}},"40":{"start":{"line":118,"column":4},"end":{"line":120,"column":5}},"41":{"start":{"line":119,"column":8},"end":{"line":119,"column":52}},"42":{"start":{"line":122,"column":26},"end":{"line":128,"column":6}},"43":{"start":{"line":130,"column":4},"end":{"line":133,"column":7}},"44":{"start":{"line":137,"column":0},"end":{"line":151,"column":3}},"45":{"start":{"line":138,"column":19},"end":{"line":138,"column":30}},"46":{"start":{"line":139,"column":21},"end":{"line":139,"column":34}},"47":{"start":{"line":141,"column":20},"end":{"line":141,"column":57}},"48":{"start":{"line":143,"column":4},"end":{"line":145,"column":5}},"49":{"start":{"line":144,"column":8},"end":{"line":144,"column":52}},"50":{"start":{"line":147,"column":4},"end":{"line":150,"column":7}},"51":{"start":{"line":154,"column":0},"end":{"line":197,"column":3}},"52":{"start":{"line":155,"column":19},"end":{"line":155,"column":30}},"53":{"start":{"line":157,"column":20},"end":{"line":157,"column":73}},"54":{"start":{"line":159,"column":22},"end":{"line":159,"column":23}},"55":{"start":{"line":160,"column":21},"end":{"line":160,"column":22}},"56":{"start":{"line":161,"column":24},"end":{"line":161,"column":25}},"57":{"start":{"line":162,"column":23},"end":{"line":162,"column":24}},"58":{"start":{"line":164,"column":26},"end":{"line":183,"column":5}},"59":{"start":{"line":166,"column":26},"end":{"line":166,"column":72}},"60":{"start":{"line":167,"column":31},"end":{"line":167,"column":60}},"61":{"start":{"line":169,"column":12},"end":{"line":169,"column":53}},"62":{"start":{"line":170,"column":12},"end":{"line":170,"column":32}},"63":{"start":{"line":172,"column":12},"end":{"line":173,"column":54}},"64":{"start":{"line":172,"column":35},"end":{"line":172,"column":51}},"65":{"start":{"line":173,"column":17},"end":{"line":173,"column":54}},"66":{"start":{"line":173,"column":39},"end":{"line":173,"column":54}},"67":{"start":{"line":175,"column":12},"end":{"line":181,"column":14}},"68":{"start":{"line":185,"column":4},"end":{"line":196,"column":7}},"69":{"start":{"line":200,"column":0},"end":{"line":209,"column":3}},"70":{"start":{"line":201,"column":19},"end":{"line":201,"column":30}},"71":{"start":{"line":203,"column":19},"end":{"line":203,"column":55}},"72":{"start":{"line":205,"column":4},"end":{"line":208,"column":7}},"73":{"start":{"line":212,"column":0},"end":{"line":226,"column":3}},"74":{"start":{"line":213,"column":19},"end":{"line":213,"column":30}},"75":{"start":{"line":214,"column":20},"end":{"line":214,"column":38}},"76":{"start":{"line":216,"column":18},"end":{"line":216,"column":63}},"77":{"start":{"line":218,"column":4},"end":{"line":220,"column":5}},"78":{"start":{"line":219,"column":8},"end":{"line":219,"column":51}},"79":{"start":{"line":222,"column":4},"end":{"line":225,"column":7}},"80":{"start":{"line":229,"column":0},"end":{"line":240,"column":3}},"81":{"start":{"line":230,"column":19},"end":{"line":230,"column":30}},"82":{"start":{"line":232,"column":19},"end":{"line":232,"column":52}},"83":{"start":{"line":234,"column":4},"end":{"line":239,"column":7}}},"fnMap":{"0":{"name":"(anonymous_0)","decl":{"start":{"line":6,"column":30},"end":{"line":6,"column":31}},"loc":{"start":{"line":6,"column":50},"end":{"line":36,"column":1}},"line":6},"1":{"name":"(anonymous_1)","decl":{"start":{"line":17,"column":20},"end":{"line":17,"column":21}},"loc":{"start":{"line":17,"column":38},"end":{"line":29,"column":9}},"line":17},"2":{"name":"(anonymous_2)","decl":{"start":{"line":39,"column":30},"end":{"line":39,"column":31}},"loc":{"start":{"line":39,"column":50},"end":{"line":63,"column":1}},"line":39},"3":{"name":"(anonymous_3)","decl":{"start":{"line":66,"column":30},"end":{"line":66,"column":31}},"loc":{"start":{"line":66,"column":50},"end":{"line":108,"column":1}},"line":66},"4":{"name":"(anonymous_4)","decl":{"start":{"line":111,"column":30},"end":{"line":111,"column":31}},"loc":{"start":{"line":111,"column":50},"end":{"line":134,"column":1}},"line":111},"5":{"name":"(anonymous_5)","decl":{"start":{"line":137,"column":30},"end":{"line":137,"column":31}},"loc":{"start":{"line":137,"column":50},"end":{"line":151,"column":1}},"line":137},"6":{"name":"(anonymous_6)","decl":{"start":{"line":154,"column":33},"end":{"line":154,"column":34}},"loc":{"start":{"line":154,"column":53},"end":{"line":197,"column":1}},"line":154},"7":{"name":"(anonymous_7)","decl":{"start":{"line":165,"column":20},"end":{"line":165,"column":21}},"loc":{"start":{"line":165,"column":38},"end":{"line":182,"column":9}},"line":165},"8":{"name":"(anonymous_8)","decl":{"start":{"line":200,"column":33},"end":{"line":200,"column":34}},"loc":{"start":{"line":200,"column":53},"end":{"line":209,"column":1}},"line":200},"9":{"name":"(anonymous_9)","decl":{"start":{"line":212,"column":39},"end":{"line":212,"column":40}},"loc":{"start":{"line":212,"column":59},"end":{"line":226,"column":1}},"line":212},"10":{"name":"(anonymous_10)","decl":{"start":{"line":229,"column":36},"end":{"line":229,"column":37}},"loc":{"start":{"line":229,"column":56},"end":{"line":240,"column":1}},"line":229}},"branchMap":{"0":{"loc":{"start":{"line":27,"column":24},"end":{"line":27,"column":92}},"type":"cond-expr","locations":[{"start":{"line":27,"column":44},"end":{"line":27,"column":54}},{"start":{"line":27,"column":57},"end":{"line":27,"column":92}}],"line":27},"1":{"loc":{"start":{"line":27,"column":57},"end":{"line":27,"column":92}},"type":"cond-expr","locations":[{"start":{"line":27,"column":76},"end":{"line":27,"column":85}},{"start":{"line":27,"column":88},"end":{"line":27,"column":92}}],"line":27},"2":{"loc":{"start":{"line":45,"column":4},"end":{"line":47,"column":5}},"type":"if","locations":[{"start":{"line":45,"column":4},"end":{"line":47,"column":5}},{"start":{},"end":{}}],"line":45},"3":{"loc":{"start":{"line":60,"column":20},"end":{"line":60,"column":88}},"type":"cond-expr","locations":[{"start":{"line":60,"column":40},"end":{"line":60,"column":50}},{"start":{"line":60,"column":53},"end":{"line":60,"column":88}}],"line":60},"4":{"loc":{"start":{"line":60,"column":53},"end":{"line":60,"column":88}},"type":"cond-expr","locations":[{"start":{"line":60,"column":72},"end":{"line":60,"column":81}},{"start":{"line":60,"column":84},"end":{"line":60,"column":88}}],"line":60},"5":{"loc":{"start":{"line":77,"column":4},"end":{"line":79,"column":5}},"type":"if","locations":[{"start":{"line":77,"column":4},"end":{"line":79,"column":5}},{"start":{},"end":{}}],"line":77},"6":{"loc":{"start":{"line":92,"column":4},"end":{"line":94,"column":5}},"type":"if","locations":[{"start":{"line":92,"column":4},"end":{"line":94,"column":5}},{"start":{},"end":{}}],"line":92},"7":{"loc":{"start":{"line":118,"column":4},"end":{"line":120,"column":5}},"type":"if","locations":[{"start":{"line":118,"column":4},"end":{"line":120,"column":5}},{"start":{},"end":{}}],"line":118},"8":{"loc":{"start":{"line":143,"column":4},"end":{"line":145,"column":5}},"type":"if","locations":[{"start":{"line":143,"column":4},"end":{"line":145,"column":5}},{"start":{},"end":{}}],"line":143},"9":{"loc":{"start":{"line":172,"column":12},"end":{"line":173,"column":54}},"type":"if","locations":[{"start":{"line":172,"column":12},"end":{"line":173,"column":54}},{"start":{"line":173,"column":17},"end":{"line":173,"column":54}}],"line":172},"10":{"loc":{"start":{"line":173,"column":17},"end":{"line":173,"column":54}},"type":"if","locations":[{"start":{"line":173,"column":17},"end":{"line":173,"column":54}},{"start":{},"end":{}}],"line":173},"11":{"loc":{"start":{"line":218,"column":4},"end":{"line":220,"column":5}},"type":"if","locations":[{"start":{"line":218,"column":4},"end":{"line":220,"column":5}},{"start":{},"end":{}}],"line":218}},"s":{"0":1,"1":1,"2":1,"3":1,"4":2,"5":2,"6":2,"7":2,"8":4,"9":4,"10":4,"11":4,"12":2,"13":1,"14":2,"15":2,"16":2,"17":2,"18":1,"19":1,"20":1,"21":1,"22":1,"23":1,"24":3,"25":3,"26":3,"27":3,"28":3,"29":1,"30":2,"31":2,"32":0,"33":2,"34":2,"35":1,"36":2,"37":2,"38":2,"39":2,"40":2,"41":1,"42":1,"43":1,"44":1,"45":2,"46":2,"47":2,"48":2,"49":1,"50":1,"51":1,"52":1,"53":1,"54":1,"55":1,"56":1,"57":1,"58":1,"59":2,"60":2,"61":2,"62":2,"63":2,"64":0,"65":2,"66":0,"67":2,"68":1,"69":1,"70":1,"71":1,"72":1,"73":1,"74":0,"75":0,"76":0,"77":0,"78":0,"79":0,"80":1,"81":1,"82":1,"83":1},"f":{"0":2,"1":4,"2":2,"3":3,"4":2,"5":2,"6":1,"7":2,"8":1,"9":0,"10":1},"b":{"0":[0,4],"1":[0,4],"2":[1,1],"3":[0,1],"4":[0,1],"5":[1,2],"6":[0,2],"7":[1,1],"8":[1,1],"9":[0,2],"10":[0,2],"11":[0,0]},"_coverageSchema":"1a1c01bbd47fc00a2c39e90264f33305004495a9","hash":"061e2047cc83718b4076d0d788e6732ce1dd3c0c"}
,"D:\\универ\\3 курс\\Интернет программирование\\finance_app\\server\\controllers\\categoryController.js": {"path":"D:\\универ\\3 курс\\Интернет программирование\\finance_app\\server\\controllers\\categoryController.js","statementMap":{"0":{"start":{"line":1,"column":11},"end":{"line":1,"column":30}},"1":{"start":{"line":2,"column":21},"end":{"line":2,"column":53}},"2":{"start":{"line":3,"column":26},"end":{"line":3,"column":52}},"3":{"start":{"line":6,"column":0},"end":{"line":21,"column":3}},"4":{"start":{"line":7,"column":19},"end":{"line":7,"column":30}},"5":{"start":{"line":9,"column":18},"end":{"line":13,"column":5}},"6":{"start":{"line":15,"column":19},"end":{"line":15,"column":50}},"7":{"start":{"line":17,"column":4},"end":{"line":20,"column":7}},"8":{"start":{"line":24,"column":0},"end":{"line":40,"column":3}},"9":{"start":{"line":25,"column":19},"end":{"line":25,"column":30}},"10":{"start":{"line":26,"column":27},"end":{"line":26,"column":35}},"11":{"start":{"line":28,"column":18},"end":{"line":32,"column":5}},"12":{"start":{"line":34,"column":19},"end":{"line":34,"column":62}},"13":{"start":{"line":36,"column":4},"end":{"line":39,"column":7}},"14":{"start":{"line":43,"column":0},"end":{"line":58,"column":3}},"15":{"start":{"line":44,"column":19},"end":{"line":44,"column":30}},"16":{"start":{"line":45,"column":23},"end":{"line":45,"column":36}},"17":{"start":{"line":47,"column":18},"end":{"line":47,"column":86}},"18":{"start":{"line":48,"column":19},"end":{"line":48,"column":62}},"19":{"start":{"line":50,"column":4},"end":{"line":52,"column":5}},"20":{"start":{"line":51,"column":8},"end":{"line":51,"column":97}},"21":{"start":{"line":54,"column":4},"end":{"line":57,"column":7}}},"fnMap":{"0":{"name":"(anonymous_0)","decl":{"start":{"line":6,"column":30},"end":{"line":6,"column":31}},"loc":{"start":{"line":6,"column":50},"end":{"line":21,"column":1}},"line":6},"1":{"name":"(anonymous_1)","decl":{"start":{"line":24,"column":30},"end":{"line":24,"column":31}},"loc":{"start":{"line":24,"column":50},"end":{"line":40,"column":1}},"line":24},"2":{"name":"(anonymous_2)","decl":{"start":{"line":43,"column":30},"end":{"line":43,"column":31}},"loc":{"start":{"line":43,"column":50},"end":{"line":58,"column":1}},"line":43}},"branchMap":{"0":{"loc":{"start":{"line":50,"column":4},"end":{"line":52,"column":5}},"type":"if","locations":[{"start":{"line":50,"column":4},"end":{"line":52,"column":5}},{"start":{},"end":{}}],"line":50}},"s":{"0":1,"1":1,"2":1,"3":1,"4":1,"5":1,"6":1,"7":1,"8":1,"9":2,"10":2,"11":2,"12":2,"13":2,"14":1,"15":2,"16":2,"17":2,"18":2,"19":2,"20":1,"21":1},"f":{"0":1,"1":2,"2":2},"b":{"0":[1,1]},"_coverageSchema":"1a1c01bbd47fc00a2c39e90264f33305004495a9","hash":"0325ae57286fa2ee53a951b10d290817e1ed122c"}
,"D:\\универ\\3 курс\\Интернет программирование\\finance_app\\server\\controllers\\transactionController.js": {"path":"D:\\универ\\3 курс\\Интернет программирование\\finance_app\\server\\controllers\\transactionController.js","statementMap":{"0":{"start":{"line":2,"column":11},"end":{"line":2,"column":30}},"1":{"start":{"line":3,"column":21},"end":{"line":3,"column":53}},"2":{"start":{"line":4,"column":15},"end":{"line":4,"column":42}},"3":{"start":{"line":5,"column":43},"end":{"line":5,"column":69}},"4":{"start":{"line":9,"column":0},"end":{"line":62,"column":3}},"5":{"start":{"line":10,"column":19},"end":{"line":10,"column":30}},"6":{"start":{"line":12,"column":17},"end":{"line":12,"column":59}},"7":{"start":{"line":13,"column":18},"end":{"line":13,"column":77}},"8":{"start":{"line":14,"column":19},"end":{"line":14,"column":37}},"9":{"start":{"line":16,"column":17},"end":{"line":16,"column":39}},"10":{"start":{"line":17,"column":15},"end":{"line":17,"column":35}},"11":{"start":{"line":18,"column":23},"end":{"line":18,"column":81}},"12":{"start":{"line":19,"column":17},"end":{"line":19,"column":39}},"13":{"start":{"line":20,"column":17},"end":{"line":20,"column":43}},"14":{"start":{"line":21,"column":14},"end":{"line":21,"column":46}},"15":{"start":{"line":23,"column":21},"end":{"line":30,"column":5}},"16":{"start":{"line":32,"column":23},"end":{"line":32,"column":62}},"17":{"start":{"line":34,"column":23},"end":{"line":41,"column":5}},"18":{"start":{"line":42,"column":24},"end":{"line":42,"column":54}},"19":{"start":{"line":43,"column":24},"end":{"line":43,"column":63}},"20":{"start":{"line":45,"column":23},"end":{"line":50,"column":5}},"21":{"start":{"line":51,"column":24},"end":{"line":51,"column":62}},"22":{"start":{"line":52,"column":18},"end":{"line":52,"column":57}},"23":{"start":{"line":54,"column":4},"end":{"line":61,"column":7}},"24":{"start":{"line":67,"column":0},"end":{"line":87,"column":3}},"25":{"start":{"line":68,"column":19},"end":{"line":68,"column":30}},"26":{"start":{"line":69,"column":50},"end":{"line":69,"column":58}},"27":{"start":{"line":71,"column":18},"end":{"line":75,"column":5}},"28":{"start":{"line":77,"column":19},"end":{"line":77,"column":85}},"29":{"start":{"line":80,"column":19},"end":{"line":80,"column":52}},"30":{"start":{"line":82,"column":4},"end":{"line":86,"column":7}},"31":{"start":{"line":92,"column":0},"end":{"line":107,"column":3}},"32":{"start":{"line":93,"column":19},"end":{"line":93,"column":30}},"33":{"start":{"line":94,"column":26},"end":{"line":94,"column":39}},"34":{"start":{"line":96,"column":18},"end":{"line":96,"column":88}},"35":{"start":{"line":97,"column":19},"end":{"line":97,"column":65}},"36":{"start":{"line":99,"column":4},"end":{"line":101,"column":5}},"37":{"start":{"line":100,"column":8},"end":{"line":100,"column":100}},"38":{"start":{"line":103,"column":4},"end":{"line":106,"column":7}},"39":{"start":{"line":111,"column":19},"end":{"line":111,"column":38}},"40":{"start":{"line":112,"column":15},"end":{"line":112,"column":35}},"41":{"start":{"line":114,"column":0},"end":{"line":183,"column":2}},"42":{"start":{"line":116,"column":19},"end":{"line":116,"column":42}},"43":{"start":{"line":118,"column":4},"end":{"line":182,"column":5}},"44":{"start":{"line":119,"column":23},"end":{"line":119,"column":34}},"45":{"start":{"line":122,"column":8},"end":{"line":122,"column":50}},"46":{"start":{"line":123,"column":8},"end":{"line":123,"column":88}},"47":{"start":{"line":126,"column":26},"end":{"line":126,"column":51}},"48":{"start":{"line":130,"column":8},"end":{"line":130,"column":28}},"49":{"start":{"line":134,"column":23},"end":{"line":140,"column":21}},"50":{"start":{"line":144,"column":26},"end":{"line":173,"column":9}},"51":{"start":{"line":145,"column":12},"end":{"line":172,"column":15}},"52":{"start":{"line":146,"column":16},"end":{"line":150,"column":17}},"53":{"start":{"line":147,"column":20},"end":{"line":147,"column":39}},"54":{"start":{"line":148,"column":20},"end":{"line":148,"column":37}},"55":{"start":{"line":149,"column":20},"end":{"line":149,"column":49}},"56":{"start":{"line":153,"column":16},"end":{"line":157,"column":17}},"57":{"start":{"line":154,"column":20},"end":{"line":154,"column":36}},"58":{"start":{"line":155,"column":20},"end":{"line":155,"column":37}},"59":{"start":{"line":156,"column":20},"end":{"line":156,"column":27}},"60":{"start":{"line":160,"column":16},"end":{"line":168,"column":19}},"61":{"start":{"line":161,"column":20},"end":{"line":167,"column":23}},"62":{"start":{"line":171,"column":16},"end":{"line":171,"column":28}},"63":{"start":{"line":176,"column":8},"end":{"line":176,"column":20}},"64":{"start":{"line":179,"column":8},"end":{"line":179,"column":27}},"65":{"start":{"line":180,"column":8},"end":{"line":180,"column":25}},"66":{"start":{"line":181,"column":8},"end":{"line":181,"column":45}}},"fnMap":{"0":{"name":"(anonymous_0)","decl":{"start":{"line":9,"column":30},"end":{"line":9,"column":31}},"loc":{"start":{"line":9,"column":50},"end":{"line":62,"column":1}},"line":9},"1":{"name":"(anonymous_1)","decl":{"start":{"line":67,"column":30},"end":{"line":67,"column":31}},"loc":{"start":{"line":67,"column":50},"end":{"line":87,"column":1}},"line":67},"2":{"name":"(anonymous_2)","decl":{"start":{"line":92,"column":30},"end":{"line":92,"column":31}},"loc":{"start":{"line":92,"column":50},"end":{"line":107,"column":1}},"line":92},"3":{"name":"(anonymous_3)","decl":{"start":{"line":114,"column":20},"end":{"line":114,"column":21}},"loc":{"start":{"line":114,"column":40},"end":{"line":183,"column":1}},"line":114},"4":{"name":"(anonymous_4)","decl":{"start":{"line":144,"column":26},"end":{"line":144,"column":27}},"loc":{"start":{"line":144,"column":32},"end":{"line":173,"column":9}},"line":144},"5":{"name":"(anonymous_5)","decl":{"start":{"line":145,"column":29},"end":{"line":145,"column":30}},"loc":{"start":{"line":145,"column":44},"end":{"line":172,"column":13}},"line":145},"6":{"name":"(anonymous_6)","decl":{"start":{"line":160,"column":29},"end":{"line":160,"column":30}},"loc":{"start":{"line":160,"column":36},"end":{"line":168,"column":17}},"line":160}},"branchMap":{"0":{"loc":{"start":{"line":12,"column":26},"end":{"line":12,"column":55}},"type":"binary-expr","locations":[{"start":{"line":12,"column":26},"end":{"line":12,"column":50}},{"start":{"line":12,"column":54},"end":{"line":12,"column":55}}],"line":12},"1":{"loc":{"start":{"line":13,"column":36},"end":{"line":13,"column":67}},"type":"binary-expr","locations":[{"start":{"line":13,"column":36},"end":{"line":13,"column":61}},{"start":{"line":13,"column":65},"end":{"line":13,"column":67}}],"line":13},"2":{"loc":{"start":{"line":16,"column":17},"end":{"line":16,"column":39}},"type":"binary-expr","locations":[{"start":{"line":16,"column":17},"end":{"line":16,"column":31}},{"start":{"line":16,"column":35},"end":{"line":16,"column":39}}],"line":16},"3":{"loc":{"start":{"line":17,"column":15},"end":{"line":17,"column":35}},"type":"binary-expr","locations":[{"start":{"line":17,"column":15},"end":{"line":17,"column":27}},{"start":{"line":17,"column":31},"end":{"line":17,"column":35}}],"line":17},"4":{"loc":{"start":{"line":18,"column":23},"end":{"line":18,"column":81}},"type":"cond-expr","locations":[{"start":{"line":18,"column":46},"end":{"line":18,"column":74}},{"start":{"line":18,"column":77},"end":{"line":18,"column":81}}],"line":18},"5":{"loc":{"start":{"line":19,"column":17},"end":{"line":19,"column":39}},"type":"binary-expr","locations":[{"start":{"line":19,"column":17},"end":{"line":19,"column":31}},{"start":{"line":19,"column":35},"end":{"line":19,"column":39}}],"line":19},"6":{"loc":{"start":{"line":20,"column":18},"end":{"line":20,"column":35}},"type":"binary-expr","locations":[{"start":{"line":20,"column":18},"end":{"line":20,"column":29}},{"start":{"line":20,"column":33},"end":{"line":20,"column":35}}],"line":20},"7":{"loc":{"start":{"line":21,"column":14},"end":{"line":21,"column":46}},"type":"cond-expr","locations":[{"start":{"line":21,"column":28},"end":{"line":21,"column":39}},{"start":{"line":21,"column":42},"end":{"line":21,"column":46}}],"line":21},"8":{"loc":{"start":{"line":52,"column":25},"end":{"line":52,"column":56}},"type":"binary-expr","locations":[{"start":{"line":52,"column":25},"end":{"line":52,"column":51}},{"start":{"line":52,"column":55},"end":{"line":52,"column":56}}],"line":52},"9":{"loc":{"start":{"line":99,"column":4},"end":{"line":101,"column":5}},"type":"if","locations":[{"start":{"line":99,"column":4},"end":{"line":101,"column":5}},{"start":{},"end":{}}],"line":99},"10":{"loc":{"start":{"line":146,"column":16},"end":{"line":150,"column":17}},"type":"if","locations":[{"start":{"line":146,"column":16},"end":{"line":150,"column":17}},{"start":{},"end":{}}],"line":146},"11":{"loc":{"start":{"line":153,"column":16},"end":{"line":157,"column":17}},"type":"if","locations":[{"start":{"line":153,"column":16},"end":{"line":157,"column":17}},{"start":{},"end":{}}],"line":153},"12":{"loc":{"start":{"line":164,"column":29},"end":{"line":164,"column":71}},"type":"cond-expr","locations":[{"start":{"line":164,"column":53},"end":{"line":164,"column":60}},{"start":{"line":164,"column":63},"end":{"line":164,"column":71}}],"line":164},"13":{"loc":{"start":{"line":166,"column":37},"end":{"line":166,"column":54}},"type":"binary-expr","locations":[{"start":{"line":166,"column":37},"end":{"line":166,"column":48}},{"start":{"line":166,"column":52},"end":{"line":166,"column":54}}],"line":166}},"s":{"0":1,"1":1,"2":1,"3":1,"4":1,"5":3,"6":3,"7":3,"8":3,"9":3,"10":3,"11":3,"12":3,"13":3,"14":3,"15":3,"16":3,"17":3,"18":3,"19":3,"20":3,"21":3,"22":3,"23":3,"24":1,"25":1,"26":1,"27":1,"28":1,"29":1,"30":1,"31":1,"32":2,"33":2,"34":2,"35":2,"36":2,"37":1,"38":1,"39":1,"40":1,"41":1,"42":1,"43":1,"44":1,"45":1,"46":1,"47":1,"48":1,"49":1,"50":1,"51":2,"52":2,"53":0,"54":0,"55":0,"56":2,"57":1,"58":1,"59":1,"60":1,"61":2,"62":1,"63":1,"64":0,"65":0,"66":0},"f":{"0":3,"1":1,"2":2,"3":1,"4":2,"5":2,"6":2},"b":{"0":[3,2],"1":[3,2],"2":[3,2],"3":[3,2],"4":[0,3],"5":[3,3],"6":[3,3],"7":[0,3],"8":[3,0],"9":[1,1],"10":[0,2],"11":[1,1],"12":[0,2],"13":[2,2]},"_coverageSchema":"1a1c01bbd47fc00a2c39e90264f33305004495a9","hash":"8b5e093c94c157aa875656209f1452a9a01a8af7"}
,"D:\\универ\\3 курс\\Интернет программирование\\finance_app\\server\\middleware\\authMiddleware.js": {"path":"D:\\универ\\3 курс\\Интернет программирование\\finance_app\\server\\middleware\\authMiddleware.js","statementMap":{"0":{"start":{"line":2,"column":12},"end":{"line":2,"column":35}},"1":{"start":{"line":3,"column":0},"end":{"line":3,"column":27}},"2":{"start":{"line":5,"column":0},"end":{"line":35,"column":2}},"3":{"start":{"line":8,"column":23},"end":{"line":8,"column":50}},"4":{"start":{"line":11,"column":4},"end":{"line":13,"column":5}},"5":{"start":{"line":12,"column":8},"end":{"line":12,"column":84}},"6":{"start":{"line":16,"column":18},"end":{"line":16,"column":51}},"7":{"start":{"line":18,"column":4},"end":{"line":20,"column":5}},"8":{"start":{"line":19,"column":8},"end":{"line":19,"column":81}},"9":{"start":{"line":22,"column":4},"end":{"line":34,"column":5}},"10":{"start":{"line":24,"column":24},"end":{"line":24,"column":65}},"11":{"start":{"line":28,"column":8},"end":{"line":28,"column":27}},"12":{"start":{"line":31,"column":8},"end":{"line":31,"column":15}},"13":{"start":{"line":33,"column":8},"end":{"line":33,"column":58}}},"fnMap":{"0":{"name":"(anonymous_0)","decl":{"start":{"line":5,"column":17},"end":{"line":5,"column":18}},"loc":{"start":{"line":5,"column":43},"end":{"line":35,"column":1}},"line":5}},"branchMap":{"0":{"loc":{"start":{"line":11,"column":4},"end":{"line":13,"column":5}},"type":"if","locations":[{"start":{"line":11,"column":4},"end":{"line":13,"column":5}},{"start":{},"end":{}}],"line":11},"1":{"loc":{"start":{"line":18,"column":4},"end":{"line":20,"column":5}},"type":"if","locations":[{"start":{"line":18,"column":4},"end":{"line":20,"column":5}},{"start":{},"end":{}}],"line":18}},"s":{"0":5,"1":5,"2":5,"3":54,"4":54,"5":8,"6":46,"7":46,"8":1,"9":45,"10":45,"11":42,"12":42,"13":3},"f":{"0":54},"b":{"0":[8,46],"1":[1,45]},"_coverageSchema":"1a1c01bbd47fc00a2c39e90264f33305004495a9","hash":"db1e412b84e6bafcdacbc3278516fdc4879aef2c"}
,"D:\\универ\\3 курс\\Интернет программирование\\finance_app\\server\\middleware\\errorHandler.js": {"path":"D:\\универ\\3 курс\\Интернет программирование\\finance_app\\server\\middleware\\errorHandler.js","statementMap":{"0":{"start":{"line":1,"column":21},"end":{"line":1,"column":47}},"1":{"start":{"line":4,"column":24},"end":{"line":7,"column":1}},"2":{"start":{"line":5,"column":18},"end":{"line":5,"column":78}},"3":{"start":{"line":6,"column":4},"end":{"line":6,"column":16}},"4":{"start":{"line":10,"column":21},"end":{"line":65,"column":1}},"5":{"start":{"line":12,"column":16},"end":{"line":12,"column":26}},"6":{"start":{"line":13,"column":4},"end":{"line":13,"column":32}},"7":{"start":{"line":14,"column":4},"end":{"line":14,"column":45}},"8":{"start":{"line":17,"column":4},"end":{"line":24,"column":7}},"9":{"start":{"line":27,"column":4},"end":{"line":31,"column":5}},"10":{"start":{"line":29,"column":8},"end":{"line":29,"column":53}},"11":{"start":{"line":30,"column":8},"end":{"line":30,"column":31}},"12":{"start":{"line":33,"column":4},"end":{"line":37,"column":5}},"13":{"start":{"line":35,"column":8},"end":{"line":35,"column":61}},"14":{"start":{"line":36,"column":8},"end":{"line":36,"column":31}},"15":{"start":{"line":39,"column":4},"end":{"line":43,"column":5}},"16":{"start":{"line":41,"column":8},"end":{"line":41,"column":46}},"17":{"start":{"line":42,"column":8},"end":{"line":42,"column":31}},"18":{"start":{"line":46,"column":4},"end":{"line":49,"column":5}},"19":{"start":{"line":47,"column":8},"end":{"line":47,"column":40}},"20":{"start":{"line":48,"column":8},"end":{"line":48,"column":31}},"21":{"start":{"line":51,"column":4},"end":{"line":54,"column":5}},"22":{"start":{"line":52,"column":8},"end":{"line":52,"column":40}},"23":{"start":{"line":53,"column":8},"end":{"line":53,"column":31}},"24":{"start":{"line":57,"column":4},"end":{"line":64,"column":7}},"25":{"start":{"line":68,"column":34},"end":{"line":73,"column":1}},"26":{"start":{"line":69,"column":4},"end":{"line":72,"column":7}},"27":{"start":{"line":70,"column":8},"end":{"line":70,"column":77}},"28":{"start":{"line":76,"column":33},"end":{"line":82,"column":1}},"29":{"start":{"line":77,"column":4},"end":{"line":81,"column":7}},"30":{"start":{"line":78,"column":8},"end":{"line":78,"column":52}},"31":{"start":{"line":80,"column":8},"end":{"line":80,"column":24}},"32":{"start":{"line":84,"column":0},"end":{"line":89,"column":2}}},"fnMap":{"0":{"name":"(anonymous_0)","decl":{"start":{"line":4,"column":24},"end":{"line":4,"column":25}},"loc":{"start":{"line":4,"column":44},"end":{"line":7,"column":1}},"line":4},"1":{"name":"(anonymous_1)","decl":{"start":{"line":10,"column":21},"end":{"line":10,"column":22}},"loc":{"start":{"line":10,"column":46},"end":{"line":65,"column":1}},"line":10},"2":{"name":"(anonymous_2)","decl":{"start":{"line":68,"column":34},"end":{"line":68,"column":35}},"loc":{"start":{"line":68,"column":40},"end":{"line":73,"column":1}},"line":68},"3":{"name":"(anonymous_3)","decl":{"start":{"line":69,"column":37},"end":{"line":69,"column":38}},"loc":{"start":{"line":69,"column":58},"end":{"line":72,"column":5}},"line":69},"4":{"name":"(anonymous_4)","decl":{"start":{"line":76,"column":33},"end":{"line":76,"column":34}},"loc":{"start":{"line":76,"column":39},"end":{"line":82,"column":1}},"line":76},"5":{"name":"(anonymous_5)","decl":{"start":{"line":77,"column":36},"end":{"line":77,"column":37}},"loc":{"start":{"line":77,"column":47},"end":{"line":81,"column":5}},"line":77}},"branchMap":{"0":{"loc":{"start":{"line":14,"column":23},"end":{"line":14,"column":44}},"type":"binary-expr","locations":[{"start":{"line":14,"column":23},"end":{"line":14,"column":37}},{"start":{"line":14,"column":41},"end":{"line":14,"column":44}}],"line":14},"1":{"loc":{"start":{"line":27,"column":4},"end":{"line":31,"column":5}},"type":"if","locations":[{"start":{"line":27,"column":4},"end":{"line":31,"column":5}},{"start":{},"end":{}}],"line":27},"2":{"loc":{"start":{"line":33,"column":4},"end":{"line":37,"column":5}},"type":"if","locations":[{"start":{"line":33,"column":4},"end":{"line":37,"column":5}},{"start":{},"end":{}}],"line":33},"3":{"loc":{"start":{"line":39,"column":4},"end":{"line":43,"column":5}},"type":"if","locations":[{"start":{"line":39,"column":4},"end":{"line":43,"column":5}},{"start":{},"end":{}}],"line":39},"4":{"loc":{"start":{"line":46,"column":4},"end":{"line":49,"column":5}},"type":"if","locations":[{"start":{"line":46,"column":4},"end":{"line":49,"column":5}},{"start":{},"end":{}}],"line":46},"5":{"loc":{"start":{"line":51,"column":4},"end":{"line":54,"column":5}},"type":"if","locations":[{"start":{"line":51,"column":4},"end":{"line":54,"column":5}},{"start":{},"end":{}}],"line":51},"6":{"loc":{"start":{"line":60,"column":12},"end":{"line":63,"column":9}},"type":"binary-expr","locations":[{"start":{"line":60,"column":12},"end":{"line":60,"column":50}},{"start":{"line":60,"column":54},"end":{"line":63,"column":9}}],"line":60}},"s":{"0":6,"1":6,"2":1,"3":1,"4":6,"5":16,"6":16,"7":16,"8":16,"9":16,"10":1,"11":1,"12":16,"13":1,"14":1,"15":16,"16":0,"17":0,"18":16,"19":0,"20":0,"21":16,"22":0,"23":0,"24":16,"25":6,"26":0,"27":0,"28":6,"29":0,"30":0,"31":0,"32":6},"f":{"0":1,"1":16,"2":0,"3":0,"4":0,"5":0},"b":{"0":[16,4],"1":[1,15],"2":[1,15],"3":[0,16],"4":[0,16],"5":[0,16],"6":[16,0]},"_coverageSchema":"1a1c01bbd47fc00a2c39e90264f33305004495a9","hash":"69f4bf0c2d5bf5fd32ae4c8a1b1e134c44042930"}
,"D:\\универ\\3 курс\\Интернет программирование\\finance_app\\server\\middleware\\rateLimiter.js": {"path":"D:\\универ\\3 курс\\Интернет программирование\\finance_app\\server\\middleware\\rateLimiter.js","statementMap":{"0":{"start":{"line":1,"column":18},"end":{"line":1,"column":47}},"1":{"start":{"line":4,"column":23},"end":{"line":10,"column":2}},"2":{"start":{"line":13,"column":20},"end":{"line":18,"column":2}},"3":{"start":{"line":21,"column":27},"end":{"line":25,"column":2}},"4":{"start":{"line":27,"column":0},"end":{"line":31,"column":2}}},"fnMap":{},"branchMap":{},"s":{"0":2,"1":2,"2":2,"3":2,"4":2},"f":{},"b":{},"_coverageSchema":"1a1c01bbd47fc00a2c39e90264f33305004495a9","hash":"cd164cf5c93def07c80eaee429c3c30704ee19bc"}
,"D:\\универ\\3 курс\\Интернет программирование\\finance_app\\server\\middleware\\validate.js": {"path":"D:\\универ\\3 курс\\Интернет программирование\\finance_app\\server\\middleware\\validate.js","statementMap":{"0":{"start":{"line":1,"column":29},"end":{"line":1,"column":57}},"1":{"start":{"line":3,"column":17},"end":{"line":20,"column":1}},"2":{"start":{"line":4,"column":19},"end":{"line":4,"column":40}},"3":{"start":{"line":6,"column":4},"end":{"line":17,"column":5}},"4":{"start":{"line":8,"column":32},"end":{"line":11,"column":11}},"5":{"start":{"line":8,"column":61},"end":{"line":11,"column":9}},"6":{"start":{"line":13,"column":8},"end":{"line":16,"column":11}},"7":{"start":{"line":19,"column":4},"end":{"line":19,"column":11}},"8":{"start":{"line":22,"column":0},"end":{"line":22,"column":26}}},"fnMap":{"0":{"name":"(anonymous_0)","decl":{"start":{"line":3,"column":17},"end":{"line":3,"column":18}},"loc":{"start":{"line":3,"column":37},"end":{"line":20,"column":1}},"line":3},"1":{"name":"(anonymous_1)","decl":{"start":{"line":8,"column":51},"end":{"line":8,"column":52}},"loc":{"start":{"line":8,"column":61},"end":{"line":11,"column":9}},"line":8}},"branchMap":{"0":{"loc":{"start":{"line":6,"column":4},"end":{"line":17,"column":5}},"type":"if","locations":[{"start":{"line":6,"column":4},"end":{"line":17,"column":5}},{"start":{},"end":{}}],"line":6}},"s":{"0":4,"1":4,"2":32,"3":32,"4":8,"5":9,"6":8,"7":24,"8":4},"f":{"0":32,"1":9},"b":{"0":[8,24]},"_coverageSchema":"1a1c01bbd47fc00a2c39e90264f33305004495a9","hash":"0c7b7be3a554941369d661d8c05a5f4b439304e6"}
,"D:\\универ\\3 курс\\Интернет программирование\\finance_app\\server\\models\\Budget.js": {"path":"D:\\универ\\3 курс\\Интернет программирование\\finance_app\\server\\models\\Budget.js","statementMap":{"0":{"start":{"line":1,"column":11},"end":{"line":1,"column":30}},"1":{"start":{"line":6,"column":20},"end":{"line":11,"column":9}},"2":{"start":{"line":13,"column":23},"end":{"line":13,"column":31}},"3":{"start":{"line":14,"column":25},"end":{"line":14,"column":26}},"4":{"start":{"line":16,"column":8},"end":{"line":20,"column":9}},"5":{"start":{"line":17,"column":12},"end":{"line":17,"column":57}},"6":{"start":{"line":18,"column":12},"end":{"line":18,"column":42}},"7":{"start":{"line":19,"column":12},"end":{"line":19,"column":25}},"8":{"start":{"line":22,"column":8},"end":{"line":26,"column":9}},"9":{"start":{"line":23,"column":12},"end":{"line":23,"column":54}},"10":{"start":{"line":24,"column":12},"end":{"line":24,"column":40}},"11":{"start":{"line":25,"column":12},"end":{"line":25,"column":25}},"12":{"start":{"line":28,"column":8},"end":{"line":28,"column":47}},"13":{"start":{"line":30,"column":23},"end":{"line":30,"column":52}},"14":{"start":{"line":31,"column":8},"end":{"line":31,"column":27}},"15":{"start":{"line":36,"column":22},"end":{"line":41,"column":9}},"16":{"start":{"line":43,"column":23},"end":{"line":43,"column":64}},"17":{"start":{"line":44,"column":8},"end":{"line":44,"column":30}},"18":{"start":{"line":49,"column":67},"end":{"line":49,"column":71}},"19":{"start":{"line":51,"column":22},"end":{"line":55,"column":9}},"20":{"start":{"line":57,"column":23},"end":{"line":64,"column":10}},"21":{"start":{"line":66,"column":8},"end":{"line":66,"column":30}},"22":{"start":{"line":71,"column":65},"end":{"line":71,"column":69}},"23":{"start":{"line":73,"column":22},"end":{"line":82,"column":9}},"24":{"start":{"line":84,"column":23},"end":{"line":92,"column":10}},"25":{"start":{"line":94,"column":8},"end":{"line":94,"column":30}},"26":{"start":{"line":99,"column":22},"end":{"line":99,"column":87}},"27":{"start":{"line":100,"column":23},"end":{"line":100,"column":64}},"28":{"start":{"line":101,"column":8},"end":{"line":101,"column":35}},"29":{"start":{"line":106,"column":23},"end":{"line":106,"column":62}},"30":{"start":{"line":107,"column":8},"end":{"line":107,"column":33}},"31":{"start":{"line":107,"column":21},"end":{"line":107,"column":33}},"32":{"start":{"line":109,"column":22},"end":{"line":116,"column":9}},"33":{"start":{"line":118,"column":23},"end":{"line":123,"column":10}},"34":{"start":{"line":125,"column":8},"end":{"line":125,"column":48}},"35":{"start":{"line":130,"column":24},"end":{"line":130,"column":77}},"36":{"start":{"line":131,"column":23},"end":{"line":131,"column":25}},"37":{"start":{"line":133,"column":8},"end":{"line":176,"column":9}},"38":{"start":{"line":134,"column":26},"end":{"line":134,"column":72}},"39":{"start":{"line":135,"column":31},"end":{"line":135,"column":60}},"40":{"start":{"line":138,"column":12},"end":{"line":155,"column":13}},"41":{"start":{"line":139,"column":38},"end":{"line":142,"column":17}},"42":{"start":{"line":144,"column":16},"end":{"line":154,"column":17}},"43":{"start":{"line":145,"column":34},"end":{"line":152,"column":21}},"44":{"start":{"line":153,"column":20},"end":{"line":153,"column":39}},"45":{"start":{"line":158,"column":12},"end":{"line":175,"column":13}},"46":{"start":{"line":159,"column":38},"end":{"line":162,"column":17}},"47":{"start":{"line":164,"column":16},"end":{"line":174,"column":17}},"48":{"start":{"line":165,"column":34},"end":{"line":172,"column":21}},"49":{"start":{"line":173,"column":20},"end":{"line":173,"column":39}},"50":{"start":{"line":178,"column":8},"end":{"line":178,"column":22}},"51":{"start":{"line":183,"column":22},"end":{"line":187,"column":9}},"52":{"start":{"line":189,"column":23},"end":{"line":196,"column":10}},"53":{"start":{"line":198,"column":8},"end":{"line":198,"column":30}},"54":{"start":{"line":203,"column":22},"end":{"line":210,"column":9}},"55":{"start":{"line":212,"column":23},"end":{"line":212,"column":54}},"56":{"start":{"line":213,"column":8},"end":{"line":213,"column":27}},"57":{"start":{"line":218,"column":22},"end":{"line":223,"column":9}},"58":{"start":{"line":225,"column":23},"end":{"line":225,"column":63}},"59":{"start":{"line":226,"column":8},"end":{"line":226,"column":30}},"60":{"start":{"line":230,"column":0},"end":{"line":230,"column":24}}},"fnMap":{"0":{"name":"(anonymous_0)","decl":{"start":{"line":5,"column":4},"end":{"line":5,"column":5}},"loc":{"start":{"line":5,"column":52},"end":{"line":32,"column":5}},"line":5},"1":{"name":"(anonymous_1)","decl":{"start":{"line":35,"column":4},"end":{"line":35,"column":5}},"loc":{"start":{"line":35,"column":44},"end":{"line":45,"column":5}},"line":35},"2":{"name":"(anonymous_2)","decl":{"start":{"line":48,"column":4},"end":{"line":48,"column":5}},"loc":{"start":{"line":48,"column":38},"end":{"line":67,"column":5}},"line":48},"3":{"name":"(anonymous_3)","decl":{"start":{"line":70,"column":4},"end":{"line":70,"column":5}},"loc":{"start":{"line":70,"column":48},"end":{"line":95,"column":5}},"line":70},"4":{"name":"(anonymous_4)","decl":{"start":{"line":98,"column":4},"end":{"line":98,"column":5}},"loc":{"start":{"line":98,"column":42},"end":{"line":102,"column":5}},"line":98},"5":{"name":"(anonymous_5)","decl":{"start":{"line":105,"column":4},"end":{"line":105,"column":5}},"loc":{"start":{"line":105,"column":50},"end":{"line":126,"column":5}},"line":105},"6":{"name":"(anonymous_6)","decl":{"start":{"line":129,"column":4},"end":{"line":129,"column":5}},"loc":{"start":{"line":129,"column":38},"end":{"line":179,"column":5}},"line":129},"7":{"name":"(anonymous_7)","decl":{"start":{"line":182,"column":4},"end":{"line":182,"column":5}},"loc":{"start":{"line":182,"column":90},"end":{"line":199,"column":5}},"line":182},"8":{"name":"(anonymous_8)","decl":{"start":{"line":202,"column":4},"end":{"line":202,"column":5}},"loc":{"start":{"line":202,"column":41},"end":{"line":214,"column":5}},"line":202},"9":{"name":"(anonymous_9)","decl":{"start":{"line":217,"column":4},"end":{"line":217,"column":5}},"loc":{"start":{"line":217,"column":50},"end":{"line":227,"column":5}},"line":217}},"branchMap":{"0":{"loc":{"start":{"line":5,"column":38},"end":{"line":5,"column":50}},"type":"default-arg","locations":[{"start":{"line":5,"column":48},"end":{"line":5,"column":50}}],"line":5},"1":{"loc":{"start":{"line":16,"column":8},"end":{"line":20,"column":9}},"type":"if","locations":[{"start":{"line":16,"column":8},"end":{"line":20,"column":9}},{"start":{},"end":{}}],"line":16},"2":{"loc":{"start":{"line":22,"column":8},"end":{"line":26,"column":9}},"type":"if","locations":[{"start":{"line":22,"column":8},"end":{"line":26,"column":9}},{"start":{},"end":{}}],"line":22},"3":{"loc":{"start":{"line":63,"column":12},"end":{"line":63,"column":27}},"type":"binary-expr","locations":[{"start":{"line":63,"column":12},"end":{"line":63,"column":19}},{"start":{"line":63,"column":23},"end":{"line":63,"column":27}}],"line":63},"4":{"loc":{"start":{"line":107,"column":8},"end":{"line":107,"column":33}},"type":"if","locations":[{"start":{"line":107,"column":8},"end":{"line":107,"column":33}},{"start":{},"end":{}}],"line":107},"5":{"loc":{"start":{"line":138,"column":12},"end":{"line":155,"column":13}},"type":"if","locations":[{"start":{"line":138,"column":12},"end":{"line":155,"column":13}},{"start":{},"end":{}}],"line":138},"6":{"loc":{"start":{"line":138,"column":16},"end":{"line":138,"column":52}},"type":"binary-expr","locations":[{"start":{"line":138,"column":16},"end":{"line":138,"column":32}},{"start":{"line":138,"column":36},"end":{"line":138,"column":52}}],"line":138},"7":{"loc":{"start":{"line":144,"column":16},"end":{"line":154,"column":17}},"type":"if","locations":[{"start":{"line":144,"column":16},"end":{"line":154,"column":17}},{"start":{},"end":{}}],"line":144},"8":{"loc":{"start":{"line":158,"column":12},"end":{"line":175,"column":13}},"type":"if","locations":[{"start":{"line":158,"column":12},"end":{"line":175,"column":13}},{"start":{},"end":{}}],"line":158},"9":{"loc":{"start":{"line":164,"column":16},"end":{"line":174,"column":17}},"type":"if","locations":[{"start":{"line":164,"column":16},"end":{"line":174,"column":17}},{"start":{},"end":{}}],"line":164}},"s":{"0":3,"1":15,"2":15,"3":15,"4":15,"5":11,"6":11,"7":11,"8":15,"9":1,"10":1,"11":1,"12":15,"13":15,"14":15,"15":23,"16":23,"17":23,"18":16,"19":16,"20":16,"21":16,"22":3,"23":3,"24":3,"25":3,"26":4,"27":4,"28":4,"29":19,"30":19,"31":0,"32":19,"33":19,"34":19,"35":8,"36":8,"37":8,"38":11,"39":11,"40":11,"41":5,"42":5,"43":4,"44":4,"45":11,"46":1,"47":1,"48":1,"49":1,"50":8,"51":5,"52":5,"53":5,"54":2,"55":2,"56":2,"57":1,"58":1,"59":1,"60":3},"f":{"0":15,"1":23,"2":16,"3":3,"4":4,"5":19,"6":8,"7":5,"8":2,"9":1},"b":{"0":[2],"1":[11,4],"2":[1,14],"3":[16,9],"4":[0,19],"5":[5,6],"6":[11,6],"7":[4,1],"8":[1,10],"9":[1,0]},"_coverageSchema":"1a1c01bbd47fc00a2c39e90264f33305004495a9","hash":"76841440618c84f26469edf800d4ca292b9e328a"}
,"D:\\универ\\3 курс\\Интернет программирование\\finance_app\\server\\utils\\asyncHandler.js": {"path":"D:\\универ\\3 курс\\Интернет программирование\\finance_app\\server\\utils\\asyncHandler.js","statementMap":{"0":{"start":{"line":2,"column":21},"end":{"line":4,"column":1}},"1":{"start":{"line":2,"column":29},"end":{"line":4,"column":1}},"2":{"start":{"line":3,"column":4},"end":{"line":3,"column":52}},"3":{"start":{"line":6,"column":0},"end":{"line":6,"column":30}}},"fnMap":{"0":{"name":"(anonymous_0)","decl":{"start":{"line":2,"column":21},"end":{"line":2,"column":22}},"loc":{"start":{"line":2,"column":29},"end":{"line":4,"column":1}},"line":2},"1":{"name":"(anonymous_1)","decl":{"start":{"line":2,"column":29},"end":{"line":2,"column":30}},"loc":{"start":{"line":2,"column":49},"end":{"line":4,"column":1}},"line":2}},"branchMap":{},"s":{"0":5,"1":20,"2":35,"3":5},"f":{"0":20,"1":35},"b":{},"_coverageSchema":"1a1c01bbd47fc00a2c39e90264f33305004495a9","hash":"065c3d996c254ba000fa893b2610af6a3e161724"}
,"D:\\универ\\3 курс\\Интернет программирование\\finance_app\\server\\utils\\errors.js": {"path":"D:\\универ\\3 курс\\Интернет программирование\\finance_app\\server\\utils\\errors.js","statementMap":{"0":{"start":{"line":4,"column":8},"end":{"line":4,"column":23}},"1":{"start":{"line":5,"column":8},"end":{"line":5,"column":37}},"2":{"start":{"line":6,"column":8},"end":{"line":6,"column":34}},"3":{"start":{"line":8,"column":8},"end":{"line":8,"column":56}},"4":{"start":{"line":15,"column":8},"end":{"line":15,"column":28}},"5":{"start":{"line":22,"column":8},"end":{"line":22,"column":28}},"6":{"start":{"line":29,"column":8},"end":{"line":29,"column":28}},"7":{"start":{"line":36,"column":8},"end":{"line":36,"column":28}},"8":{"start":{"line":43,"column":8},"end":{"line":43,"column":28}},"9":{"start":{"line":47,"column":0},"end":{"line":54,"column":2}}},"fnMap":{"0":{"name":"(anonymous_0)","decl":{"start":{"line":3,"column":4},"end":{"line":3,"column":5}},"loc":{"start":{"line":3,"column":37},"end":{"line":9,"column":5}},"line":3},"1":{"name":"(anonymous_1)","decl":{"start":{"line":14,"column":4},"end":{"line":14,"column":5}},"loc":{"start":{"line":14,"column":47},"end":{"line":16,"column":5}},"line":14},"2":{"name":"(anonymous_2)","decl":{"start":{"line":21,"column":4},"end":{"line":21,"column":5}},"loc":{"start":{"line":21,"column":51},"end":{"line":23,"column":5}},"line":21},"3":{"name":"(anonymous_3)","decl":{"start":{"line":28,"column":4},"end":{"line":28,"column":5}},"loc":{"start":{"line":28,"column":43},"end":{"line":30,"column":5}},"line":28},"4":{"name":"(anonymous_4)","decl":{"start":{"line":35,"column":4},"end":{"line":35,"column":5}},"loc":{"start":{"line":35,"column":48},"end":{"line":37,"column":5}},"line":35},"5":{"name":"(anonymous_5)","decl":{"start":{"line":42,"column":4},"end":{"line":42,"column":5}},"loc":{"start":{"line":42,"column":53},"end":{"line":44,"column":5}},"line":42}},"branchMap":{"0":{"loc":{"start":{"line":14,"column":16},"end":{"line":14,"column":45}},"type":"default-arg","locations":[{"start":{"line":14,"column":26},"end":{"line":14,"column":45}}],"line":14},"1":{"loc":{"start":{"line":21,"column":16},"end":{"line":21,"column":49}},"type":"default-arg","locations":[{"start":{"line":21,"column":26},"end":{"line":21,"column":49}}],"line":21},"2":{"loc":{"start":{"line":28,"column":16},"end":{"line":28,"column":41}},"type":"default-arg","locations":[{"start":{"line":28,"column":26},"end":{"line":28,"column":41}}],"line":28},"3":{"loc":{"start":{"line":35,"column":16},"end":{"line":35,"column":46}},"type":"default-arg","locations":[{"start":{"line":35,"column":26},"end":{"line":35,"column":46}}],"line":35},"4":{"loc":{"start":{"line":42,"column":16},"end":{"line":42,"column":51}},"type":"default-arg","locations":[{"start":{"line":42,"column":26},"end":{"line":42,"column":51}}],"line":42}},"s":{"0":20,"1":20,"2":20,"3":20,"4":3,"5":3,"6":0,"7":8,"8":3,"9":7},"f":{"0":20,"1":3,"2":3,"3":0,"4":8,"5":3},"b":{"0":[1],"1":[0],"2":[0],"3":[0],"4":[0]},"_coverageSchema":"1a1c01bbd47fc00a2c39e90264f33305004495a9","hash":"8483ad2204007453807e5d791f7167bbe9301661"}
}
