TN:
SF:controllers\analyticsController.js
FN:5,(anonymous_0)
FN:39,(anonymous_1)
FN:56,(anonymous_2)
FN:69,(anonymous_3)
FN:90,(anonymous_4)
FNF:5
FNH:5
FNDA:2,(anonymous_0)
FNDA:2,(anonymous_1)
FNDA:2,(anonymous_2)
FNDA:2,(anonymous_3)
FNDA:4,(anonymous_4)
DA:2,1
DA:5,1
DA:6,2
DA:7,2
DA:11,2
DA:20,2
DA:21,2
DA:24,2
DA:25,2
DA:27,2
DA:33,0
DA:34,0
DA:39,1
DA:40,2
DA:41,2
DA:43,2
DA:52,2
DA:56,2
DA:61,2
DA:63,0
DA:64,0
DA:69,1
DA:70,2
DA:71,2
DA:75,2
DA:88,2
DA:90,4
DA:96,2
DA:98,0
DA:99,0
LF:30
LH:24
BRDA:24,0,0,2
BRDA:24,0,1,0
BRDA:25,1,0,2
BRDA:25,1,1,0
BRF:4
BRH:2
end_of_record
TN:
SF:controllers\authController.js
FN:9,(anonymous_0)
FN:43,(anonymous_1)
FNF:2
FNH:2
FNDA:4,(anonymous_0)
FNDA:3,(anonymous_1)
DA:1,1
DA:2,1
DA:3,1
DA:4,1
DA:5,1
DA:6,1
DA:9,1
DA:10,4
DA:13,4
DA:14,4
DA:15,1
DA:19,3
DA:20,3
DA:23,3
DA:29,3
DA:35,3
DA:43,1
DA:44,3
DA:47,3
DA:49,3
DA:50,1
DA:53,2
DA:56,2
DA:58,2
DA:59,1
DA:63,1
DA:69,1
LF:27
LH:27
BRDA:14,0,0,1
BRDA:14,0,1,3
BRDA:49,1,0,1
BRDA:49,1,1,2
BRDA:58,2,0,1
BRDA:58,2,1,1
BRF:6
BRH:6
end_of_record
TN:
SF:controllers\budgetController.js
FN:6,(anonymous_0)
FN:17,(anonymous_1)
FN:39,(anonymous_2)
FN:66,(anonymous_3)
FN:111,(anonymous_4)
FN:137,(anonymous_5)
FN:154,(anonymous_6)
FN:165,(anonymous_7)
FN:200,(anonymous_8)
FN:212,(anonymous_9)
FN:229,(anonymous_10)
FNF:11
FNH:10
FNDA:2,(anonymous_0)
FNDA:4,(anonymous_1)
FNDA:2,(anonymous_2)
FNDA:3,(anonymous_3)
FNDA:2,(anonymous_4)
FNDA:2,(anonymous_5)
FNDA:1,(anonymous_6)
FNDA:2,(anonymous_7)
FNDA:1,(anonymous_8)
FNDA:0,(anonymous_9)
FNDA:1,(anonymous_10)
DA:1,1
DA:2,1
DA:3,1
DA:6,1
DA:7,2
DA:8,2
DA:13,2
DA:16,2
DA:18,4
DA:19,4
DA:20,4
DA:22,4
DA:32,2
DA:39,1
DA:40,2
DA:41,2
DA:43,2
DA:45,2
DA:46,1
DA:49,1
DA:50,1
DA:51,1
DA:53,1
DA:66,1
DA:67,3
DA:68,3
DA:71,3
DA:72,3
DA:77,3
DA:78,1
DA:82,2
DA:92,2
DA:93,0
DA:96,2
DA:104,2
DA:111,1
DA:112,2
DA:113,2
DA:114,2
DA:116,2
DA:118,2
DA:119,1
DA:122,1
DA:130,1
DA:137,1
DA:138,2
DA:139,2
DA:141,2
DA:143,2
DA:144,1
DA:147,1
DA:154,1
DA:155,1
DA:157,1
DA:159,1
DA:160,1
DA:161,1
DA:162,1
DA:164,1
DA:166,2
DA:167,2
DA:169,2
DA:170,2
DA:172,2
DA:173,2
DA:175,2
DA:185,1
DA:200,1
DA:201,1
DA:203,1
DA:205,1
DA:212,1
DA:213,0
DA:214,0
DA:216,0
DA:218,0
DA:219,0
DA:222,0
DA:229,1
DA:230,1
DA:232,1
DA:234,1
LF:82
LH:75
BRDA:27,0,0,0
BRDA:27,0,1,4
BRDA:27,1,0,0
BRDA:27,1,1,4
BRDA:45,2,0,1
BRDA:45,2,1,1
BRDA:60,3,0,0
BRDA:60,3,1,1
BRDA:60,4,0,0
BRDA:60,4,1,1
BRDA:77,5,0,1
BRDA:77,5,1,2
BRDA:92,6,0,0
BRDA:92,6,1,2
BRDA:118,7,0,1
BRDA:118,7,1,1
BRDA:143,8,0,1
BRDA:143,8,1,1
BRDA:172,9,0,0
BRDA:172,9,1,2
BRDA:173,10,0,0
BRDA:173,10,1,2
BRDA:218,11,0,0
BRDA:218,11,1,0
BRF:24
BRH:15
end_of_record
TN:
SF:controllers\categoryController.js
FN:6,(anonymous_0)
FN:24,(anonymous_1)
FN:43,(anonymous_2)
FNF:3
FNH:3
FNDA:1,(anonymous_0)
FNDA:2,(anonymous_1)
FNDA:2,(anonymous_2)
DA:1,1
DA:2,1
DA:3,1
DA:6,1
DA:7,1
DA:9,1
DA:15,1
DA:17,1
DA:24,1
DA:25,2
DA:26,2
DA:28,2
DA:34,2
DA:36,2
DA:43,1
DA:44,2
DA:45,2
DA:47,2
DA:48,2
DA:50,2
DA:51,1
DA:54,1
LF:22
LH:22
BRDA:50,0,0,1
BRDA:50,0,1,1
BRF:2
BRH:2
end_of_record
TN:
SF:controllers\transactionController.js
FN:9,(anonymous_0)
FN:67,(anonymous_1)
FN:92,(anonymous_2)
FN:114,(anonymous_3)
FN:144,(anonymous_4)
FN:145,(anonymous_5)
FN:160,(anonymous_6)
FNF:7
FNH:7
FNDA:3,(anonymous_0)
FNDA:1,(anonymous_1)
FNDA:2,(anonymous_2)
FNDA:1,(anonymous_3)
FNDA:2,(anonymous_4)
FNDA:2,(anonymous_5)
FNDA:2,(anonymous_6)
DA:2,1
DA:3,1
DA:4,1
DA:5,1
DA:9,1
DA:10,3
DA:12,3
DA:13,3
DA:14,3
DA:16,3
DA:17,3
DA:18,3
DA:19,3
DA:20,3
DA:21,3
DA:23,3
DA:32,3
DA:34,3
DA:42,3
DA:43,3
DA:45,3
DA:51,3
DA:52,3
DA:54,3
DA:67,1
DA:68,1
DA:69,1
DA:71,1
DA:77,1
DA:80,1
DA:82,1
DA:92,1
DA:93,2
DA:94,2
DA:96,2
DA:97,2
DA:99,2
DA:100,1
DA:103,1
DA:111,1
DA:112,1
DA:114,1
DA:116,1
DA:118,1
DA:119,1
DA:122,1
DA:123,1
DA:126,1
DA:130,1
DA:134,1
DA:144,1
DA:145,2
DA:146,2
DA:147,0
DA:148,0
DA:149,0
DA:153,2
DA:154,1
DA:155,1
DA:156,1
DA:160,1
DA:161,2
DA:171,1
DA:176,1
DA:179,0
DA:180,0
DA:181,0
LF:67
LH:61
BRDA:12,0,0,3
BRDA:12,0,1,2
BRDA:13,1,0,3
BRDA:13,1,1,2
BRDA:16,2,0,3
BRDA:16,2,1,2
BRDA:17,3,0,3
BRDA:17,3,1,2
BRDA:18,4,0,0
BRDA:18,4,1,3
BRDA:19,5,0,3
BRDA:19,5,1,3
BRDA:20,6,0,3
BRDA:20,6,1,3
BRDA:21,7,0,0
BRDA:21,7,1,3
BRDA:52,8,0,3
BRDA:52,8,1,0
BRDA:99,9,0,1
BRDA:99,9,1,1
BRDA:146,10,0,0
BRDA:146,10,1,2
BRDA:153,11,0,1
BRDA:153,11,1,1
BRDA:164,12,0,0
BRDA:164,12,1,2
BRDA:166,13,0,2
BRDA:166,13,1,2
BRF:28
BRH:23
end_of_record
TN:
SF:middleware\authMiddleware.js
FN:5,(anonymous_0)
FNF:1
FNH:1
FNDA:54,(anonymous_0)
DA:2,5
DA:3,5
DA:5,5
DA:8,54
DA:11,54
DA:12,8
DA:16,46
DA:18,46
DA:19,1
DA:22,45
DA:24,45
DA:28,42
DA:31,42
DA:33,3
LF:14
LH:14
BRDA:11,0,0,8
BRDA:11,0,1,46
BRDA:18,1,0,1
BRDA:18,1,1,45
BRF:4
BRH:4
end_of_record
TN:
SF:middleware\errorHandler.js
FN:4,(anonymous_0)
FN:10,(anonymous_1)
FN:68,(anonymous_2)
FN:69,(anonymous_3)
FN:76,(anonymous_4)
FN:77,(anonymous_5)
FNF:6
FNH:2
FNDA:1,(anonymous_0)
FNDA:16,(anonymous_1)
FNDA:0,(anonymous_2)
FNDA:0,(anonymous_3)
FNDA:0,(anonymous_4)
FNDA:0,(anonymous_5)
DA:1,6
DA:4,6
DA:5,1
DA:6,1
DA:10,6
DA:12,16
DA:13,16
DA:14,16
DA:17,16
DA:27,16
DA:29,1
DA:30,1
DA:33,16
DA:35,1
DA:36,1
DA:39,16
DA:41,0
DA:42,0
DA:46,16
DA:47,0
DA:48,0
DA:51,16
DA:52,0
DA:53,0
DA:57,16
DA:68,6
DA:69,0
DA:70,0
DA:76,6
DA:77,0
DA:78,0
DA:80,0
DA:84,6
LF:33
LH:22
BRDA:14,0,0,16
BRDA:14,0,1,4
BRDA:27,1,0,1
BRDA:27,1,1,15
BRDA:33,2,0,1
BRDA:33,2,1,15
BRDA:39,3,0,0
BRDA:39,3,1,16
BRDA:46,4,0,0
BRDA:46,4,1,16
BRDA:51,5,0,0
BRDA:51,5,1,16
BRDA:60,6,0,16
BRDA:60,6,1,0
BRF:14
BRH:10
end_of_record
TN:
SF:middleware\rateLimiter.js
FNF:0
FNH:0
DA:1,2
DA:4,2
DA:13,2
DA:21,2
DA:27,2
LF:5
LH:5
BRF:0
BRH:0
end_of_record
TN:
SF:middleware\validate.js
FN:3,(anonymous_0)
FN:8,(anonymous_1)
FNF:2
FNH:2
FNDA:32,(anonymous_0)
FNDA:9,(anonymous_1)
DA:1,4
DA:3,4
DA:4,32
DA:6,32
DA:8,9
DA:13,8
DA:19,24
DA:22,4
LF:8
LH:8
BRDA:6,0,0,8
BRDA:6,0,1,24
BRF:2
BRH:2
end_of_record
TN:
SF:models\Budget.js
FN:5,(anonymous_0)
FN:35,(anonymous_1)
FN:48,(anonymous_2)
FN:70,(anonymous_3)
FN:98,(anonymous_4)
FN:105,(anonymous_5)
FN:129,(anonymous_6)
FN:182,(anonymous_7)
FN:202,(anonymous_8)
FN:217,(anonymous_9)
FNF:10
FNH:10
FNDA:15,(anonymous_0)
FNDA:23,(anonymous_1)
FNDA:16,(anonymous_2)
FNDA:3,(anonymous_3)
FNDA:4,(anonymous_4)
FNDA:19,(anonymous_5)
FNDA:8,(anonymous_6)
FNDA:5,(anonymous_7)
FNDA:2,(anonymous_8)
FNDA:1,(anonymous_9)
DA:1,3
DA:6,15
DA:13,15
DA:14,15
DA:16,15
DA:17,11
DA:18,11
DA:19,11
DA:22,15
DA:23,1
DA:24,1
DA:25,1
DA:28,15
DA:30,15
DA:31,15
DA:36,23
DA:43,23
DA:44,23
DA:49,16
DA:51,16
DA:57,16
DA:66,16
DA:71,3
DA:73,3
DA:84,3
DA:94,3
DA:99,4
DA:100,4
DA:101,4
DA:106,19
DA:107,19
DA:109,19
DA:118,19
DA:125,19
DA:130,8
DA:131,8
DA:133,8
DA:134,11
DA:135,11
DA:138,11
DA:139,5
DA:144,5
DA:145,4
DA:153,4
DA:158,11
DA:159,1
DA:164,1
DA:165,1
DA:173,1
DA:178,8
DA:183,5
DA:189,5
DA:198,5
DA:203,2
DA:212,2
DA:213,2
DA:218,1
DA:225,1
DA:226,1
DA:230,3
LF:60
LH:60
BRDA:5,0,0,2
BRDA:16,1,0,11
BRDA:16,1,1,4
BRDA:22,2,0,1
BRDA:22,2,1,14
BRDA:63,3,0,16
BRDA:63,3,1,9
BRDA:107,4,0,0
BRDA:107,4,1,19
BRDA:138,5,0,5
BRDA:138,5,1,6
BRDA:138,6,0,11
BRDA:138,6,1,6
BRDA:144,7,0,4
BRDA:144,7,1,1
BRDA:158,8,0,1
BRDA:158,8,1,10
BRDA:164,9,0,1
BRDA:164,9,1,0
BRF:19
BRH:17
end_of_record
TN:
SF:utils\asyncHandler.js
FN:2,(anonymous_0)
FN:2,(anonymous_1)
FNF:2
FNH:2
FNDA:20,(anonymous_0)
FNDA:35,(anonymous_1)
DA:2,20
DA:3,35
DA:6,5
LF:3
LH:3
BRF:0
BRH:0
end_of_record
TN:
SF:utils\errors.js
FN:3,(anonymous_0)
FN:14,(anonymous_1)
FN:21,(anonymous_2)
FN:28,(anonymous_3)
FN:35,(anonymous_4)
FN:42,(anonymous_5)
FNF:6
FNH:5
FNDA:20,(anonymous_0)
FNDA:3,(anonymous_1)
FNDA:3,(anonymous_2)
FNDA:0,(anonymous_3)
FNDA:8,(anonymous_4)
FNDA:3,(anonymous_5)
DA:4,20
DA:5,20
DA:6,20
DA:8,20
DA:15,3
DA:22,3
DA:29,0
DA:36,8
DA:43,3
DA:47,7
LF:10
LH:9
BRDA:14,0,0,1
BRDA:21,1,0,0
BRDA:28,2,0,0
BRDA:35,3,0,0
BRDA:42,4,0,0
BRF:5
BRH:1
end_of_record
